[01m[K/home/yjh/px4_ros_com_ros2/src/px4_ros_com/src/examples/offboard/position_calculator.cpp:[m[K In function â€˜[01m[Kint main(int, char**)[m[Kâ€™:
[01m[K/home/yjh/px4_ros_com_ros2/src/px4_ros_com/src/examples/offboard/position_calculator.cpp:175:4:[m[K [01;31m[Kerror: [m[Kâ€˜[01m[Kset_r2[m[Kâ€™ was not declared in this scope
  175 |    [01;31m[Kset_r2[m[K();
      |    [01;31m[K^~~~~~[m[K
make[2]: *** [CMakeFiles/position_calculator.dir/build.make:63: CMakeFiles/position_calculator.dir/src/examples/offboard/position_calculator.cpp.o] Error 1
make[1]: *** [CMakeFiles/Makefile2:339: CMakeFiles/position_calculator.dir/all] Error 2
make: *** [Makefile:141: all] Error 2
