[0.000000] (-) TimerEvent: {}
[0.000309] (px4_msgs) JobQueued: {'identifier': 'px4_msgs', 'dependencies': OrderedDict()}
[0.000494] (px4_ros_com) JobQueued: {'identifier': 'px4_ros_com', 'dependencies': OrderedDict([('px4_msgs', '/home/yjh/px4_ros_com_ros2/install/px4_msgs')])}
[0.001563] (px4_msgs) JobStarted: {'identifier': 'px4_msgs'}
[0.042347] (px4_msgs) JobProgress: {'identifier': 'px4_msgs', 'progress': 'cmake'}
[0.045125] (px4_msgs) JobProgress: {'identifier': 'px4_msgs', 'progress': 'build'}
[0.051308] (px4_msgs) Command: {'cmd': ['/usr/bin/cmake', '--build', '/home/yjh/px4_ros_com_ros2/build/px4_msgs', '--', '-j4', '-l4'], 'cwd': '/home/yjh/px4_ros_com_ros2/build/px4_msgs', 'env': OrderedDict([('GJS_DEBUG_TOPICS', 'JS ERROR;JS LOG'), ('LESSOPEN', '| /usr/bin/lesspipe %s'), ('SDKMAN_VERSION', '5.15.0'), ('USER', 'yjh'), ('SSH_AGENT_PID', '1569'), ('XDG_SESSION_TYPE', 'x11'), ('SHLVL', '1'), ('LD_LIBRARY_PATH', '/opt/ros/foxy/opt/yaml_cpp_vendor/lib:/opt/ros/foxy/opt/rviz_ogre_vendor/lib:/opt/ros/foxy/lib/x86_64-linux-gnu:/opt/ros/foxy/lib'), ('HOME', '/home/yjh'), ('OLDPWD', '/home/yjh'), ('DESKTOP_SESSION', 'ubuntu'), ('ROS_PYTHON_VERSION', '3'), ('GNOME_SHELL_SESSION_MODE', 'ubuntu'), ('GRADLE_HOME', '/home/yjh/.sdkman/candidates/gradle/current'), ('GTK_MODULES', 'gail:atk-bridge'), ('MANAGERPID', '1392'), ('DBUS_SESSION_BUS_ADDRESS', 'unix:path=/run/user/1000/bus'), ('COLORTERM', 'truecolor'), ('IM_CONFIG_PHASE', '1'), ('ROS_DISTRO', 'foxy'), ('LOGNAME', 'yjh'), ('SDKMAN_CANDIDATES_API', 'https://api.sdkman.io/2'), ('JOURNAL_STREAM', '8:42727'), ('_', '/usr/bin/colcon'), ('ROS_VERSION', '2'), ('XDG_SESSION_CLASS', 'user'), ('USERNAME', 'yjh'), ('TERM', 'xterm-256color'), ('GNOME_DESKTOP_SESSION_ID', 'this-is-deprecated'), ('ROS_LOCALHOST_ONLY', '0'), ('WINDOWPATH', '2'), ('PATH', '/home/yjh/.sdkman/candidates/gradle/current/bin:/opt/ros/foxy/bin:/usr/local/sbin:/usr/local/bin:/usr/sbin:/usr/bin:/sbin:/bin:/usr/games:/usr/local/games:/snap/bin:/home/yjh/.local/bin'), ('SESSION_MANAGER', 'local/yjh-500R5M-500R5W-501R5M:@/tmp/.ICE-unix/1607,unix/yjh-500R5M-500R5W-501R5M:/tmp/.ICE-unix/1607'), ('SDKMAN_CANDIDATES_DIR', '/home/yjh/.sdkman/candidates'), ('INVOCATION_ID', '115d269a11ed4e27993fce70a1359a5c'), ('XDG_MENU_PREFIX', 'gnome-'), ('GNOME_TERMINAL_SCREEN', '/org/gnome/Terminal/screen/2e406d20_1f99_4b69_9f77_ad1453b16691'), ('XDG_RUNTIME_DIR', '/run/user/1000'), ('DISPLAY', ':0'), ('LANG', 'en_US.UTF-8'), ('XDG_CURRENT_DESKTOP', 'ubuntu:GNOME'), ('XMODIFIERS', '@im=ibus'), ('XDG_SESSION_DESKTOP', 'ubuntu'), ('XAUTHORITY', '/run/user/1000/gdm/Xauthority'), ('LS_COLORS', 'rs=0:di=01;34:ln=01;36:mh=00:pi=40;33:so=01;35:do=01;35:bd=40;33;01:cd=40;33;01:or=40;31;01:mi=00:su=37;41:sg=30;43:ca=30;41:tw=30;42:ow=34;42:st=37;44:ex=01;32:*.tar=01;31:*.tgz=01;31:*.arc=01;31:*.arj=01;31:*.taz=01;31:*.lha=01;31:*.lz4=01;31:*.lzh=01;31:*.lzma=01;31:*.tlz=01;31:*.txz=01;31:*.tzo=01;31:*.t7z=01;31:*.zip=01;31:*.z=01;31:*.dz=01;31:*.gz=01;31:*.lrz=01;31:*.lz=01;31:*.lzo=01;31:*.xz=01;31:*.zst=01;31:*.tzst=01;31:*.bz2=01;31:*.bz=01;31:*.tbz=01;31:*.tbz2=01;31:*.tz=01;31:*.deb=01;31:*.rpm=01;31:*.jar=01;31:*.war=01;31:*.ear=01;31:*.sar=01;31:*.rar=01;31:*.alz=01;31:*.ace=01;31:*.zoo=01;31:*.cpio=01;31:*.7z=01;31:*.rz=01;31:*.cab=01;31:*.wim=01;31:*.swm=01;31:*.dwm=01;31:*.esd=01;31:*.jpg=01;35:*.jpeg=01;35:*.mjpg=01;35:*.mjpeg=01;35:*.gif=01;35:*.bmp=01;35:*.pbm=01;35:*.pgm=01;35:*.ppm=01;35:*.tga=01;35:*.xbm=01;35:*.xpm=01;35:*.tif=01;35:*.tiff=01;35:*.png=01;35:*.svg=01;35:*.svgz=01;35:*.mng=01;35:*.pcx=01;35:*.mov=01;35:*.mpg=01;35:*.mpeg=01;35:*.m2v=01;35:*.mkv=01;35:*.webm=01;35:*.ogm=01;35:*.mp4=01;35:*.m4v=01;35:*.mp4v=01;35:*.vob=01;35:*.qt=01;35:*.nuv=01;35:*.wmv=01;35:*.asf=01;35:*.rm=01;35:*.rmvb=01;35:*.flc=01;35:*.avi=01;35:*.fli=01;35:*.flv=01;35:*.gl=01;35:*.dl=01;35:*.xcf=01;35:*.xwd=01;35:*.yuv=01;35:*.cgm=01;35:*.emf=01;35:*.ogv=01;35:*.ogx=01;35:*.aac=00;36:*.au=00;36:*.flac=00;36:*.m4a=00;36:*.mid=00;36:*.midi=00;36:*.mka=00;36:*.mp3=00;36:*.mpc=00;36:*.ogg=00;36:*.ra=00;36:*.wav=00;36:*.oga=00;36:*.opus=00;36:*.spx=00;36:*.xspf=00;36:'), ('GNOME_TERMINAL_SERVICE', ':1.110'), ('SDKMAN_DIR', '/home/yjh/.sdkman'), ('FASTRTPSGEN_DIR', '/usr/local/bin'), ('SDKMAN_PLATFORM', 'linuxx64'), ('SSH_AUTH_SOCK', '/run/user/1000/keyring/ssh'), ('AMENT_PREFIX_PATH', '/opt/ros/foxy'), ('SHELL', '/bin/bash'), ('QT_ACCESSIBILITY', '1'), ('GDMSESSION', 'ubuntu'), ('LESSCLOSE', '/usr/bin/lesspipe %s %s'), ('GPG_AGENT_INFO', '/run/user/1000/gnupg/S.gpg-agent:0:1'), ('GJS_DEBUG_OUTPUT', 'stderr'), ('QT_IM_MODULE', 'ibus'), ('PWD', '/home/yjh/px4_ros_com_ros2/build/px4_msgs'), ('LC_ALL', 'en_US.UTF-8'), ('XDG_CONFIG_DIRS', '/etc/xdg/xdg-ubuntu:/etc/xdg'), ('XDG_DATA_DIRS', '/usr/share/ubuntu:/usr/local/share/:/usr/share/:/var/lib/snapd/desktop'), ('PYTHONPATH', '/opt/ros/foxy/lib/python3.8/site-packages'), ('COLCON', '1'), ('VTE_VERSION', '6003'), ('CMAKE_PREFIX_PATH', '/opt/ros/foxy')]), 'shell': False}
[0.099353] (-) TimerEvent: {}
[0.200648] (-) TimerEvent: {}
[0.301334] (-) TimerEvent: {}
[0.401861] (-) TimerEvent: {}
[0.502776] (-) TimerEvent: {}
[0.603606] (-) TimerEvent: {}
[0.704012] (-) TimerEvent: {}
[0.804441] (-) TimerEvent: {}
[0.904858] (-) TimerEvent: {}
[1.005474] (-) TimerEvent: {}
[1.105900] (-) TimerEvent: {}
[1.206813] (-) TimerEvent: {}
[1.307626] (-) TimerEvent: {}
[1.410513] (-) TimerEvent: {}
[1.511028] (-) TimerEvent: {}
[1.611897] (-) TimerEvent: {}
[1.712369] (-) TimerEvent: {}
[1.812888] (-) TimerEvent: {}
[1.913322] (-) TimerEvent: {}
[2.013872] (-) TimerEvent: {}
[2.114278] (-) TimerEvent: {}
[2.214690] (-) TimerEvent: {}
[2.315095] (-) TimerEvent: {}
[2.415898] (-) TimerEvent: {}
[2.516399] (-) TimerEvent: {}
[2.617320] (-) TimerEvent: {}
[2.718088] (-) TimerEvent: {}
[2.818450] (-) TimerEvent: {}
[2.918872] (-) TimerEvent: {}
[3.019365] (-) TimerEvent: {}
[3.119912] (-) TimerEvent: {}
[3.220358] (-) TimerEvent: {}
[3.321185] (-) TimerEvent: {}
[3.422276] (-) TimerEvent: {}
[3.522713] (-) TimerEvent: {}
[3.623276] (-) TimerEvent: {}
[3.723773] (-) TimerEvent: {}
[3.826485] (-) TimerEvent: {}
[3.928128] (-) TimerEvent: {}
[4.028787] (-) TimerEvent: {}
[4.129465] (-) TimerEvent: {}
[4.230170] (-) TimerEvent: {}
[4.331223] (-) TimerEvent: {}
[4.431688] (-) TimerEvent: {}
[4.532383] (-) TimerEvent: {}
[4.633790] (-) TimerEvent: {}
[4.734709] (-) TimerEvent: {}
[4.835747] (-) TimerEvent: {}
[4.937512] (-) TimerEvent: {}
[5.038069] (-) TimerEvent: {}
[5.138589] (-) TimerEvent: {}
[5.239727] (-) TimerEvent: {}
[5.340133] (-) TimerEvent: {}
[5.443819] (-) TimerEvent: {}
[5.544628] (-) TimerEvent: {}
[5.645169] (-) TimerEvent: {}
[5.746401] (-) TimerEvent: {}
[5.846827] (-) TimerEvent: {}
[5.927361] (px4_msgs) StdoutLine: {'line': b'[  0%] Built target px4_msgs__cpp\n'}
[5.946950] (-) TimerEvent: {}
[6.047355] (-) TimerEvent: {}
[6.053865] (px4_msgs) StdoutLine: {'line': b'[ 12%] Built target px4_msgs__rosidl_generator_c\n'}
[6.147538] (-) TimerEvent: {}
[6.219814] (px4_msgs) StdoutLine: {'line': b'[ 24%] Built target px4_msgs__rosidl_typesupport_cpp\n'}
[6.247698] (-) TimerEvent: {}
[6.348328] (-) TimerEvent: {}
[6.435728] (px4_msgs) StdoutLine: {'line': b'[ 37%] Built target px4_msgs__rosidl_typesupport_introspection_c\n'}
[6.448403] (-) TimerEvent: {}
[6.548794] (-) TimerEvent: {}
[6.587895] (px4_msgs) StdoutLine: {'line': b'[ 50%] Built target px4_msgs__rosidl_typesupport_c\n'}
[6.648925] (-) TimerEvent: {}
[6.749981] (-) TimerEvent: {}
[6.831292] (px4_msgs) StdoutLine: {'line': b'[ 62%] Built target px4_msgs__rosidl_typesupport_fastrtps_cpp\n'}
[6.850333] (-) TimerEvent: {}
[6.951109] (-) TimerEvent: {}
[7.025611] (px4_msgs) StdoutLine: {'line': b'[ 75%] Built target px4_msgs__rosidl_typesupport_introspection_cpp\n'}
[7.051363] (-) TimerEvent: {}
[7.151928] (-) TimerEvent: {}
[7.252444] (-) TimerEvent: {}
[7.284302] (px4_msgs) StdoutLine: {'line': b'[ 88%] Built target px4_msgs__rosidl_typesupport_fastrtps_c\n'}
[7.350554] (px4_msgs) StdoutLine: {'line': b'[ 88%] Built target px4_msgs\n'}
[7.352607] (-) TimerEvent: {}
[7.446739] (px4_msgs) StdoutLine: {'line': b'[ 88%] Built target px4_msgs__py\n'}
[7.452709] (-) TimerEvent: {}
[7.553158] (-) TimerEvent: {}
[7.653515] (-) TimerEvent: {}
[7.753817] (-) TimerEvent: {}
[7.854151] (-) TimerEvent: {}
[7.907534] (px4_msgs) StdoutLine: {'line': b'[100%] Built target px4_msgs__python\n'}
[7.955321] (-) TimerEvent: {}
[8.016177] (px4_msgs) StdoutLine: {'line': b'[100%] Built target px4_msgs__rosidl_typesupport_c__pyext\n'}
[8.055912] (-) TimerEvent: {}
[8.105797] (px4_msgs) StdoutLine: {'line': b'[100%] Built target px4_msgs__rosidl_typesupport_fastrtps_c__pyext\n'}
[8.155909] (-) TimerEvent: {}
[8.222092] (px4_msgs) StdoutLine: {'line': b'[100%] Built target px4_msgs__rosidl_typesupport_introspection_c__pyext\n'}
[8.259059] (-) TimerEvent: {}
[8.262315] (px4_msgs) CommandEnded: {'returncode': 0}
[8.359217] (-) TimerEvent: {}
[8.459826] (-) TimerEvent: {}
[8.560522] (-) TimerEvent: {}
[8.661184] (-) TimerEvent: {}
[8.761684] (-) TimerEvent: {}
[8.862344] (-) TimerEvent: {}
[8.962912] (-) TimerEvent: {}
[9.063617] (-) TimerEvent: {}
[9.164172] (-) TimerEvent: {}
[9.265423] (-) TimerEvent: {}
[9.365838] (-) TimerEvent: {}
[9.466448] (-) TimerEvent: {}
[9.567649] (-) TimerEvent: {}
[9.668117] (-) TimerEvent: {}
[9.768854] (-) TimerEvent: {}
[9.870189] (-) TimerEvent: {}
[9.971046] (-) TimerEvent: {}
[10.071460] (-) TimerEvent: {}
[10.172060] (-) TimerEvent: {}
[10.273206] (-) TimerEvent: {}
[10.373978] (-) TimerEvent: {}
[10.475271] (-) TimerEvent: {}
[10.576540] (-) TimerEvent: {}
[10.676940] (-) TimerEvent: {}
[10.778024] (-) TimerEvent: {}
[10.878783] (-) TimerEvent: {}
[10.980258] (-) TimerEvent: {}
[11.080978] (-) TimerEvent: {}
[11.181678] (-) TimerEvent: {}
[11.282224] (-) TimerEvent: {}
[11.382658] (-) TimerEvent: {}
[11.483296] (-) TimerEvent: {}
[11.584740] (-) TimerEvent: {}
[11.685322] (-) TimerEvent: {}
[11.785753] (-) TimerEvent: {}
[11.886149] (-) TimerEvent: {}
[11.986706] (-) TimerEvent: {}
[12.087423] (-) TimerEvent: {}
[12.187927] (-) TimerEvent: {}
[12.288732] (-) TimerEvent: {}
[12.389993] (-) TimerEvent: {}
[12.491159] (-) TimerEvent: {}
[12.591605] (-) TimerEvent: {}
[12.692123] (-) TimerEvent: {}
[12.792792] (-) TimerEvent: {}
[12.893366] (-) TimerEvent: {}
[12.993835] (-) TimerEvent: {}
[13.094315] (-) TimerEvent: {}
[13.195040] (-) TimerEvent: {}
[13.295373] (-) TimerEvent: {}
[13.395778] (-) TimerEvent: {}
[13.496189] (-) TimerEvent: {}
[13.596569] (-) TimerEvent: {}
[13.696896] (-) TimerEvent: {}
[13.797404] (-) TimerEvent: {}
[13.898045] (-) TimerEvent: {}
[13.998850] (-) TimerEvent: {}
[14.100294] (-) TimerEvent: {}
[14.172371] (px4_msgs) StderrLine: {'line': b'Traceback (most recent call last):\n  File "/usr/lib/python3/dist-packages/colcon_parallel_executor/executor/parallel.py", line 67, in execute\n    loop.run_until_complete(future)\n  File "/usr/lib/python3.8/asyncio/base_events.py", line 603, in run_until_complete\n    self.run_forever()\n  File "/usr/lib/python3.8/asyncio/base_events.py", line 570, in run_forever\n    self._run_once()\n  File "/usr/lib/python3.8/asyncio/base_events.py", line 1823, in _run_once\n    event_list = self._selector.select(timeout)\n  File "/usr/lib/python3.8/selectors.py", line 468, in select\n    fd_event_list = self._selector.poll(timeout, max_ev)\nKeyboardInterrupt\n\nDuring handling of the above exception, another exception occurred:\n\nTraceback (most recent call last):\n  File "/usr/lib/python3/dist-packages/colcon_core/executor/__init__.py", line 91, in __call__\n    rc = await self.task(*args, **kwargs)\n  File "/usr/lib/python3/dist-packages/colcon_core/task/__init__.py", line 93, in __call__\n    return await task_method(*args, **kwargs)\n  File "/usr/lib/python3/dist-packages/colcon_ros/task/ament_cmake/build.py", line 59, in build\n    rc = await extension.build(\n  File "/usr/lib/python3/dist-packages/colcon_cmake/task/cmake/build.py", line 110, in build\n    if await has_target(args.build_base, \'install\'):\n  File "/usr/lib/python3/dist-packages/colcon_cmake/task/cmake/__init__.py", line 57, in has_target\n    return target in await get_makefile_targets(path)\n  File "/usr/lib/python3/dist-packages/colcon_cmake/task/cmake/__init__.py", line 77, in get_makefile_targets\n    output = await check_output([\n  File "/usr/lib/python3/dist-packages/colcon_core/subprocess.py", line 128, in check_output\n    assert not rc, f\'Expected {args} to pass: {stderr_data}\'\nAssertionError: Expected [\'/usr/bin/cmake\', \'--build\', \'/home/yjh/px4_ros_com_ros2/build/px4_msgs\', \'--target\', \'help\'] to pass: make: *** wait: No child processes.  Stop.\nmake: *** Waiting for unfinished jobs....\nmake: *** wait: No child processes.  Stop.\nmake: *** [Makefile:48388: help] Error 2\n\n'}
[14.172862] (px4_msgs) JobEnded: {'identifier': 'px4_msgs', 'rc': 'SIGINT'}
[14.174600] (px4_ros_com) JobSkipped: {'identifier': 'px4_ros_com'}
[14.174747] (-) EventReactorShutdown: {}
