openjdk version "13.0.7" 2021-04-20
OpenJDK Runtime Environment (build 13.0.7+5-Ubuntu-0ubuntu120.04)
OpenJDK 64-Bit Server VM (build 13.0.7+5-Ubuntu-0ubuntu120.04, mixed mode, sharing)
[01m[K/home/yjh/px4_ros_com_ros2/src/px4_ros_com/src/examples/offboard/position_calculator.cpp:107:43:[m[K [01;31m[Kerror: [m[Kâ€˜[01m[KString[m[Kâ€™ is not a member of â€˜[01m[Kpx4_msgs::msg[m[Kâ€™
  107 |       rclcpp::Subscription<px4_msgs::msg::[01;31m[KString[m[K>::SharedPtr mission2_subscriber_;
      |                                           [01;31m[K^~~~~~[m[K
[01m[K/home/yjh/px4_ros_com_ros2/src/px4_ros_com/src/examples/offboard/position_calculator.cpp:107:49:[m[K [01;31m[Kerror: [m[Ktemplate argument 1 is invalid
  107 |       rclcpp::Subscription<px4_msgs::msg::String[01;31m[K>[m[K::SharedPtr mission2_subscriber_;
      |                                                 [01;31m[K^[m[K
[01m[K/home/yjh/px4_ros_com_ros2/src/px4_ros_com/src/examples/offboard/position_calculator.cpp:107:49:[m[K [01;31m[Kerror: [m[Ktemplate argument 3 is invalid
[01m[K/home/yjh/px4_ros_com_ros2/src/px4_ros_com/src/examples/offboard/position_calculator.cpp:107:52:[m[K [01;31m[Kerror: [m[Kexpected â€˜[01m[K;[m[Kâ€™ at end of member declaration
  107 |       rclcpp::Subscription<px4_msgs::msg::String>::[01;31m[KSharedPtr[m[K mission2_subscriber_;
      |                                                    [01;31m[K^~~~~~~~~[m[K
      |                                                             [32m[K;[m[K
[01m[K/home/yjh/px4_ros_com_ros2/src/px4_ros_com/src/examples/offboard/position_calculator.cpp:107:62:[m[K [01;31m[Kerror: [m[Kâ€˜[01m[Kmission2_subscriber_[m[Kâ€™ does not name a type
  107 |       rclcpp::Subscription<px4_msgs::msg::String>::SharedPtr [01;31m[Kmission2_subscriber_[m[K;
      |                                                              [01;31m[K^~~~~~~~~~~~~~~~~~~~[m[K
[01m[K/home/yjh/px4_ros_com_ros2/src/px4_ros_com/src/examples/offboard/position_calculator.cpp:111:46:[m[K [01;31m[Kerror: [m[Kâ€˜[01m[KString[m[Kâ€™ in namespace â€˜[01m[Kstd_msgs::msg[m[Kâ€™ does not name a type
  111 |       void get_mission2(const std_msgs::msg::[01;31m[KString[m[K::SharedPtr msg)const{
      |                                              [01;31m[K^~~~~~[m[K
[01m[K/home/yjh/px4_ros_com_ros2/src/px4_ros_com/src/examples/offboard/position_calculator.cpp:111:64:[m[K [01;31m[Kerror: [m[Kexpected unqualified-id before â€˜[01m[Kmsg[m[Kâ€™
  111 |       void get_mission2(const std_msgs::msg::String::SharedPtr [01;31m[Kmsg[m[K)const{
      |                                                                [01;31m[K^~~[m[K
[01m[K/home/yjh/px4_ros_com_ros2/src/px4_ros_com/src/examples/offboard/position_calculator.cpp:111:63:[m[K [01;31m[Kerror: [m[Kexpected â€˜[01m[K)[m[Kâ€™ before â€˜[01m[Kmsg[m[Kâ€™
  111 |       void get_mission2[34m[K([m[Kconst std_msgs::msg::String::SharedPtr[01;31m[K [m[K[32m[Kmsg[m[K)const{
      |                        [34m[K~[m[K                                      [01;31m[K^[m[K[32m[K~~~[m[K
      |                                                               [32m[K)[m[K
[01m[K/home/yjh/px4_ros_com_ros2/src/px4_ros_com/src/examples/offboard/position_calculator.cpp:111:54:[m[K [01;31m[Kerror: [m[Kexpected â€˜[01m[K;[m[Kâ€™ at end of member declaration
  111 |       void get_mission2(const std_msgs::msg::String::[01;31m[KSharedPtr[m[K msg)const{
      |                                                      [01;31m[K^~~~~~~~~[m[K
      |                                                               [32m[K;[m[K
[01m[K/home/yjh/px4_ros_com_ros2/src/px4_ros_com/src/examples/offboard/position_calculator.cpp:111:64:[m[K [01;31m[Kerror: [m[Kâ€˜[01m[Kmsg[m[Kâ€™ does not name a type
  111 |       void get_mission2(const std_msgs::msg::String::SharedPtr [01;31m[Kmsg[m[K)const{
      |                                                                [01;31m[K^~~[m[K
[01m[K/home/yjh/px4_ros_com_ros2/src/px4_ros_com/src/examples/offboard/position_calculator.cpp:[m[K In constructor â€˜[01m[KPositionCalculator::PositionCalculator()[m[Kâ€™:
[01m[K/home/yjh/px4_ros_com_ros2/src/px4_ros_com/src/examples/offboard/position_calculator.cpp:92:3:[m[K [01;31m[Kerror: [m[Kâ€˜[01m[Kmission2_subscriber_[m[Kâ€™ was not declared in this scope
   92 |   [01;31m[Kmission2_subscriber_[m[K = this->create_subscription<std_msgs::msg::String>(
      |   [01;31m[K^~~~~~~~~~~~~~~~~~~~[m[K
[01m[K/home/yjh/px4_ros_com_ros2/src/px4_ros_com/src/examples/offboard/position_calculator.cpp:92:67:[m[K [01;31m[Kerror: [m[Kâ€˜[01m[KString[m[Kâ€™ is not a member of â€˜[01m[Kstd_msgs::msg[m[Kâ€™
   92 |   mission2_subscriber_ = this->create_subscription<std_msgs::msg::[01;31m[KString[m[K>(
      |                                                                   [01;31m[K^~~~~~[m[K
[01m[K/home/yjh/px4_ros_com_ros2/src/px4_ros_com/src/examples/offboard/position_calculator.cpp:93:80:[m[K [01;31m[Kerror: [m[Kexpected â€˜[01m[K)[m[Kâ€™ before â€˜[01m[K;[m[Kâ€™ token
   93 | , qos, std::bind(&PositionCalculator::get_mission2, this, _1)[01;31m[K;[m[K
      |                                                              [01;31m[K^[m[K
      |                                                              [32m[K)[m[K
[01m[K/home/yjh/px4_ros_com_ros2/src/px4_ros_com/src/examples/offboard/position_calculator.cpp:92:74:[m[K [01;36m[Knote: [m[Kto match this â€˜[01m[K([m[Kâ€™
   92 |   mission2_subscriber_ = this->create_subscription<std_msgs::msg::String>[01;36m[K([m[K
      |                                                                          [01;36m[K^[m[K
make[2]: *** [CMakeFiles/position_calculator.dir/build.make:63: CMakeFiles/position_calculator.dir/src/examples/offboard/position_calculator.cpp.o] Error 1
make[1]: *** [CMakeFiles/Makefile2:395: CMakeFiles/position_calculator.dir/all] Error 2
make: *** [Makefile:141: all] Error 2
