[  2%] Built target frame_transforms
[  4%] Built target vehicle_gps_position_listener
[  5%] Built target debug_vect_advertiser
[  7%] Built target sensor_combined_listener
[  9%] Built target iris0_takeoff
[ 11%] Built target iris2_takeoff
[ 13%] Built target offboard_control
[35m[1mScanning dependencies of target position_calculator[0m
[ 14%] [32mBuilding CXX object CMakeFiles/position_calculator.dir/src/examples/offboard/position_calculator.cpp.o[0m
[ 15%] [32m[1mLinking CXX executable position_calculator[0m
[ 15%] Built target position_calculator
[35m[1mScanning dependencies of target mission2[0m
[ 16%] [32mBuilding CXX object CMakeFiles/mission2.dir/src/examples/offboard/mission2.cpp.o[0m
[01m[K/home/yjh/px4_ros_com_ros2/src/px4_ros_com/src/examples/offboard/mission2.cpp:[m[K In constructor â€˜[01m[KMission2::Mission2()[m[Kâ€™:
[01m[K/home/yjh/px4_ros_com_ros2/src/px4_ros_com/src/examples/offboard/mission2.cpp:23:5:[m[K [01;31m[Kerror: [m[Kunable to find numeric literal operator â€˜[01m[Koperator""ms[m[Kâ€™
   23 |     [01;31m[K5ms[m[K, std::bind(&PositionCalculator::send_mission2, this));
      |     [01;31m[K^~~[m[K
[01m[K/home/yjh/px4_ros_com_ros2/src/px4_ros_com/src/examples/offboard/mission2.cpp:23:21:[m[K [01;31m[Kerror: [m[Kâ€˜[01m[KPositionCalculator[m[Kâ€™ has not been declared
   23 |     5ms, std::bind(&[01;31m[KPositionCalculator[m[K::send_mission2, this));
      |                     [01;31m[K^~~~~~~~~~~~~~~~~~[m[K
[01m[K/home/yjh/px4_ros_com_ros2/src/px4_ros_com/src/examples/offboard/mission2.cpp:[m[K In member function â€˜[01m[Kvoid Mission2::send_mission2()[m[Kâ€™:
[01m[K/home/yjh/px4_ros_com_ros2/src/px4_ros_com/src/examples/offboard/mission2.cpp:35:7:[m[K [01;31m[Kerror: [m[Kbase operand of â€˜[01m[K->[m[Kâ€™ has non-pointer type â€˜[01m[Kstd_msgs::msg::String_<std::allocator<void> >[m[Kâ€™
   35 |    msg[01;31m[K->[m[Kdata = str;
      |       [01;31m[K^~[m[K
make[2]: *** [CMakeFiles/mission2.dir/build.make:63: CMakeFiles/mission2.dir/src/examples/offboard/mission2.cpp.o] Error 1
make[1]: *** [CMakeFiles/Makefile2:422: CMakeFiles/mission2.dir/all] Error 2
make: *** [Makefile:141: all] Error 2
