[0.046s] Invoking command in '/home/yjh/px4_ros_com_ros2/build/px4_ros_com': AMENT_PREFIX_PATH=/home/yjh/px4_ros_com_ros2/install/px4_msgs:${AMENT_PREFIX_PATH} CMAKE_PREFIX_PATH=/home/yjh/px4_ros_com_ros2/install/px4_msgs:/opt/ros/foxy LD_LIBRARY_PATH=/home/yjh/px4_ros_com_ros2/install/px4_msgs/lib:${LD_LIBRARY_PATH} PYTHONPATH=/home/yjh/px4_ros_com_ros2/install/px4_msgs/lib/python3.8/site-packages:${PYTHONPATH} /usr/bin/cmake --build /home/yjh/px4_ros_com_ros2/build/px4_ros_com -- -j4 -l4
[0.319s] [  2%] Built target frame_transforms
[0.440s] [  4%] Built target vehicle_gps_position_listener
[0.531s] [  5%] Built target debug_vect_advertiser
[0.627s] [  7%] Built target sensor_combined_listener
[0.713s] [  9%] Built target iris0_takeoff
[0.798s] [ 11%] Built target iris2_takeoff
[0.887s] [ 13%] Built target offboard_control
[0.928s] [35m[1mScanning dependencies of target position_calculator[0m
[1.043s] [ 14%] [32mBuilding CXX object CMakeFiles/position_calculator.dir/src/examples/offboard/position_calculator.cpp.o[0m
[54.808s] [ 15%] [32m[1mLinking CXX executable position_calculator[0m
[55.619s] [ 15%] Built target position_calculator
[55.649s] [35m[1mScanning dependencies of target mission2[0m
[55.787s] [ 16%] [32mBuilding CXX object CMakeFiles/mission2.dir/src/examples/offboard/mission2.cpp.o[0m
[62.225s] [01m[K/home/yjh/px4_ros_com_ros2/src/px4_ros_com/src/examples/offboard/mission2.cpp:[m[K In constructor â€˜[01m[KMission2::Mission2()[m[Kâ€™:
[62.225s] [01m[K/home/yjh/px4_ros_com_ros2/src/px4_ros_com/src/examples/offboard/mission2.cpp:23:5:[m[K [01;31m[Kerror: [m[Kunable to find numeric literal operator â€˜[01m[Koperator""ms[m[Kâ€™
[62.226s]    23 |     [01;31m[K5ms[m[K, std::bind(&PositionCalculator::send_mission2, this));
[62.227s]       |     [01;31m[K^~~[m[K
[62.227s] [01m[K/home/yjh/px4_ros_com_ros2/src/px4_ros_com/src/examples/offboard/mission2.cpp:23:21:[m[K [01;31m[Kerror: [m[Kâ€˜[01m[KPositionCalculator[m[Kâ€™ has not been declared
[62.227s]    23 |     5ms, std::bind(&[01;31m[KPositionCalculator[m[K::send_mission2, this));
[62.228s]       |                     [01;31m[K^~~~~~~~~~~~~~~~~~[m[K
[62.229s] [01m[K/home/yjh/px4_ros_com_ros2/src/px4_ros_com/src/examples/offboard/mission2.cpp:[m[K In member function â€˜[01m[Kvoid Mission2::send_mission2()[m[Kâ€™:
[62.230s] [01m[K/home/yjh/px4_ros_com_ros2/src/px4_ros_com/src/examples/offboard/mission2.cpp:35:7:[m[K [01;31m[Kerror: [m[Kbase operand of â€˜[01m[K->[m[Kâ€™ has non-pointer type â€˜[01m[Kstd_msgs::msg::String_<std::allocator<void> >[m[Kâ€™
[62.231s]    35 |    msg[01;31m[K->[m[Kdata = str;
[62.232s]       |       [01;31m[K^~[m[K
[65.020s] make[2]: *** [CMakeFiles/mission2.dir/build.make:63: CMakeFiles/mission2.dir/src/examples/offboard/mission2.cpp.o] Error 1
[65.021s] make[1]: *** [CMakeFiles/Makefile2:422: CMakeFiles/mission2.dir/all] Error 2
[65.023s] make: *** [Makefile:141: all] Error 2
[65.036s] Invoked command in '/home/yjh/px4_ros_com_ros2/build/px4_ros_com' returned '2': AMENT_PREFIX_PATH=/home/yjh/px4_ros_com_ros2/install/px4_msgs:${AMENT_PREFIX_PATH} CMAKE_PREFIX_PATH=/home/yjh/px4_ros_com_ros2/install/px4_msgs:/opt/ros/foxy LD_LIBRARY_PATH=/home/yjh/px4_ros_com_ros2/install/px4_msgs/lib:${LD_LIBRARY_PATH} PYTHONPATH=/home/yjh/px4_ros_com_ros2/install/px4_msgs/lib/python3.8/site-packages:${PYTHONPATH} /usr/bin/cmake --build /home/yjh/px4_ros_com_ros2/build/px4_ros_com -- -j4 -l4
