[01m[K/home/yjh/px4_ros_com_ros2/src/px4_ros_com/src/examples/offboard/position_calculator_iris1.cpp:28:34:[m[K [01;31m[Kerror: [m[Kexpected â€˜[01m[K;[m[Kâ€™ at end of member declaration
   28 |   float local_velocity_iris0[3], [01;31m[Kloat[m[K local_velocity_iris1[3], loat local_velocity_iris2[3];
      |                                  [01;31m[K^~~~[m[K
      |                                      [32m[K;[m[K
[01m[K/home/yjh/px4_ros_com_ros2/src/px4_ros_com/src/examples/offboard/position_calculator_iris1.cpp:28:39:[m[K [01;31m[Kerror: [m[Kâ€˜[01m[Klocal_velocity_iris1[m[Kâ€™ does not name a type
   28 |   float local_velocity_iris0[3], loat [01;31m[Klocal_velocity_iris1[m[K[3], loat local_velocity_iris2[3];
      |                                       [01;31m[K^~~~~~~~~~~~~~~~~~~~[m[K
[01m[K/home/yjh/px4_ros_com_ros2/src/px4_ros_com/src/examples/offboard/position_calculator_iris2.cpp:28:34:[m[K [01;31m[Kerror: [m[Kexpected â€˜[01m[K;[m[Kâ€™ at end of member declaration
   28 |   float local_velocity_iris0[3], [01;31m[Klocal[m[K local_velocity_iris1[3], local local_velocity_iris2[3];
      |                                  [01;31m[K^~~~~[m[K
      |                                       [32m[K;[m[K
[01m[K/home/yjh/px4_ros_com_ros2/src/px4_ros_com/src/examples/offboard/position_calculator_iris2.cpp:28:40:[m[K [01;31m[Kerror: [m[Kâ€˜[01m[Klocal_velocity_iris1[m[Kâ€™ does not name a type
   28 |   float local_velocity_iris0[3], local [01;31m[Klocal_velocity_iris1[m[K[3], local local_velocity_iris2[3];
      |                                        [01;31m[K^~~~~~~~~~~~~~~~~~~~[m[K
make[2]: *** [CMakeFiles/position_calculator_iris1.dir/build.make:63: CMakeFiles/position_calculator_iris1.dir/src/examples/offboard/position_calculator_iris1.cpp.o] Error 1
make[1]: *** [CMakeFiles/Makefile2:424: CMakeFiles/position_calculator_iris1.dir/all] Error 2
make[1]: *** Waiting for unfinished jobs....
make[2]: *** [CMakeFiles/position_calculator_iris2.dir/build.make:63: CMakeFiles/position_calculator_iris2.dir/src/examples/offboard/position_calculator_iris2.cpp.o] Error 1
make[1]: *** [CMakeFiles/Makefile2:451: CMakeFiles/position_calculator_iris2.dir/all] Error 2
make: *** [Makefile:141: all] Error 2
