[0.055s] Invoking command in '/home/yjh/px4_ros_com_ros2/build/px4_msgs': CMAKE_PREFIX_PATH=/opt/ros/foxy /usr/bin/cmake --build /home/yjh/px4_ros_com_ros2/build/px4_msgs -- -j4 -l4
[5.925s] [  0%] Built target px4_msgs__cpp
[6.051s] [ 12%] Built target px4_msgs__rosidl_generator_c
[6.218s] [ 24%] Built target px4_msgs__rosidl_typesupport_cpp
[6.432s] [ 37%] Built target px4_msgs__rosidl_typesupport_introspection_c
[6.585s] [ 50%] Built target px4_msgs__rosidl_typesupport_c
[6.828s] [ 62%] Built target px4_msgs__rosidl_typesupport_fastrtps_cpp
[7.022s] [ 75%] Built target px4_msgs__rosidl_typesupport_introspection_cpp
[7.281s] [ 88%] Built target px4_msgs__rosidl_typesupport_fastrtps_c
[7.347s] [ 88%] Built target px4_msgs
[7.444s] [ 88%] Built target px4_msgs__py
[7.905s] [100%] Built target px4_msgs__python
[8.013s] [100%] Built target px4_msgs__rosidl_typesupport_c__pyext
[8.102s] [100%] Built target px4_msgs__rosidl_typesupport_fastrtps_c__pyext
[8.219s] [100%] Built target px4_msgs__rosidl_typesupport_introspection_c__pyext
[8.260s] Invoked command in '/home/yjh/px4_ros_com_ros2/build/px4_msgs' returned '0': CMAKE_PREFIX_PATH=/opt/ros/foxy /usr/bin/cmake --build /home/yjh/px4_ros_com_ros2/build/px4_msgs -- -j4 -l4
[14.169s] Traceback (most recent call last):
  File "/usr/lib/python3/dist-packages/colcon_parallel_executor/executor/parallel.py", line 67, in execute
    loop.run_until_complete(future)
  File "/usr/lib/python3.8/asyncio/base_events.py", line 603, in run_until_complete
    self.run_forever()
  File "/usr/lib/python3.8/asyncio/base_events.py", line 570, in run_forever
    self._run_once()
  File "/usr/lib/python3.8/asyncio/base_events.py", line 1823, in _run_once
    event_list = self._selector.select(timeout)
  File "/usr/lib/python3.8/selectors.py", line 468, in select
    fd_event_list = self._selector.poll(timeout, max_ev)
KeyboardInterrupt

During handling of the above exception, another exception occurred:

Traceback (most recent call last):
  File "/usr/lib/python3/dist-packages/colcon_core/executor/__init__.py", line 91, in __call__
    rc = await self.task(*args, **kwargs)
  File "/usr/lib/python3/dist-packages/colcon_core/task/__init__.py", line 93, in __call__
    return await task_method(*args, **kwargs)
  File "/usr/lib/python3/dist-packages/colcon_ros/task/ament_cmake/build.py", line 59, in build
    rc = await extension.build(
  File "/usr/lib/python3/dist-packages/colcon_cmake/task/cmake/build.py", line 110, in build
    if await has_target(args.build_base, 'install'):
  File "/usr/lib/python3/dist-packages/colcon_cmake/task/cmake/__init__.py", line 57, in has_target
    return target in await get_makefile_targets(path)
  File "/usr/lib/python3/dist-packages/colcon_cmake/task/cmake/__init__.py", line 77, in get_makefile_targets
    output = await check_output([
  File "/usr/lib/python3/dist-packages/colcon_core/subprocess.py", line 128, in check_output
    assert not rc, f'Expected {args} to pass: {stderr_data}'
AssertionError: Expected ['/usr/bin/cmake', '--build', '/home/yjh/px4_ros_com_ros2/build/px4_msgs', '--target', 'help'] to pass: make: *** wait: No child processes.  Stop.
make: *** Waiting for unfinished jobs....
make: *** wait: No child processes.  Stop.
make: *** [Makefile:48388: help] Error 2

