[0.046s] Invoking command in '/home/yjh/px4_ros_com_ros2/build/px4_ros_com': AMENT_PREFIX_PATH=/home/yjh/px4_ros_com_ros2/install/px4_msgs:${AMENT_PREFIX_PATH} CMAKE_PREFIX_PATH=/home/yjh/px4_ros_com_ros2/install/px4_msgs:/opt/ros/foxy LD_LIBRARY_PATH=/home/yjh/px4_ros_com_ros2/install/px4_msgs/lib:${LD_LIBRARY_PATH} PYTHONPATH=/home/yjh/px4_ros_com_ros2/install/px4_msgs/lib/python3.8/site-packages:${PYTHONPATH} /usr/bin/cmake --build /home/yjh/px4_ros_com_ros2/build/px4_ros_com -- -j4 -l4
[0.231s] [  2%] Built target frame_transforms
[0.318s] [  4%] Built target vehicle_gps_position_listener
[0.412s] [  5%] Built target debug_vect_advertiser
[0.476s] [  7%] Built target sensor_combined_listener
[0.495s] [35m[1mScanning dependencies of target iris0_takeoff[0m
[0.563s] [  8%] [32mBuilding CXX object CMakeFiles/iris0_takeoff.dir/src/examples/offboard/iris0_takeoff.cpp.o[0m
[5.476s] [01m[K/home/yjh/px4_ros_com_ros2/src/px4_ros_com/src/examples/offboard/iris0_takeoff.cpp:136:36:[m[K [01;31m[Kerror: [m[Kâ€˜[01m[Kstd_msgs[m[Kâ€™ does not name a type
[5.476s]   136 |  void receive_iris1_position(const [01;31m[Kstd_msgs[m[K::msg::Float32MultiArray::SharedPtr msg) const{
[5.477s]       |                                    [01;31m[K^~~~~~~~[m[K
[5.477s] [01m[K/home/yjh/px4_ros_com_ros2/src/px4_ros_com/src/examples/offboard/iris0_takeoff.cpp:136:49:[m[K [01;31m[Kerror: [m[Kexpected unqualified-id before â€˜[01m[K::[m[Kâ€™ token
[5.477s]   136 |  void receive_iris1_position(const std_msgs::msg[01;31m[K::[m[KFloat32MultiArray::SharedPtr msg) const{
[5.477s]       |                                                 [01;31m[K^~[m[K
[5.477s] [01m[K/home/yjh/px4_ros_com_ros2/src/px4_ros_com/src/examples/offboard/iris0_takeoff.cpp:136:49:[m[K [01;31m[Kerror: [m[Kexpected â€˜[01m[K)[m[Kâ€™ before â€˜[01m[K::[m[Kâ€™ token
[5.478s]   136 |  void receive_iris1_position[34m[K([m[Kconst std_msgs::msg[01;31m[K:[m[K[32m[K:[m[KFloat32MultiArray::SharedPtr msg) const{
[5.478s]       |                             [34m[K~[m[K                   [01;31m[K^[m[K[32m[K~[m[K
[5.478s]       |                                                 [32m[K)[m[K
[5.479s] [01m[K/home/yjh/px4_ros_com_ros2/src/px4_ros_com/src/examples/offboard/iris0_takeoff.cpp:136:46:[m[K [01;31m[Kerror: [m[Kexpected â€˜[01m[K;[m[Kâ€™ at end of member declaration
[5.479s]   136 |  void receive_iris1_position(const std_msgs::[01;31m[Kmsg[m[K::Float32MultiArray::SharedPtr msg) const{
[5.479s]       |                                              [01;31m[K^~~[m[K
[5.480s]       |                                                 [32m[K;[m[K
[5.483s] [01m[K/home/yjh/px4_ros_com_ros2/src/px4_ros_com/src/examples/offboard/iris0_takeoff.cpp:136:51:[m[K [01;31m[Kerror: [m[Kâ€˜[01m[KFloat32MultiArray[m[Kâ€™ in namespace â€˜[01m[K::[m[Kâ€™ does not name a type
[5.484s]   136 |  void receive_iris1_position(const std_msgs::msg::[01;31m[KFloat32MultiArray[m[K::SharedPtr msg) const{
[5.485s]       |                                                   [01;31m[K^~~~~~~~~~~~~~~~~[m[K
[5.496s] [01m[K/home/yjh/px4_ros_com_ros2/src/px4_ros_com/src/examples/offboard/iris0_takeoff.cpp:[m[K In constructor â€˜[01m[KOffboardControl::OffboardControl()[m[Kâ€™:
[5.496s] [01m[K/home/yjh/px4_ros_com_ros2/src/px4_ros_com/src/examples/offboard/iris0_takeoff.cpp:81:3:[m[K [01;31m[Kerror: [m[Kâ€˜[01m[Ksubscriber0_[m[Kâ€™ was not declared in this scope
[5.497s]    81 |   [01;31m[Ksubscriber0_[m[K = this->create_subscription<std_msgs::msg::Float32MultiArray>(
[5.497s]       |   [01;31m[K^~~~~~~~~~~~[m[K
[5.502s] [01m[K/home/yjh/px4_ros_com_ros2/src/px4_ros_com/src/examples/offboard/iris0_takeoff.cpp:81:44:[m[K [01;31m[Kerror: [m[Kâ€˜[01m[Kstd_msgs[m[Kâ€™ was not declared in this scope
[5.502s]    81 |   subscriber0_ = this->create_subscription<[01;31m[Kstd_msgs[m[K::msg::Float32MultiArray>(
[5.502s]       |                                            [01;31m[K^~~~~~~~[m[K
[5.503s] [01m[K/home/yjh/px4_ros_com_ros2/src/px4_ros_com/src/examples/offboard/iris0_takeoff.cpp:81:24:[m[K [01;31m[Kerror: [m[Kparse error in template argument list
[5.503s]    81 |   subscriber0_ = this->[01;31m[Kcreate_subscription<std_msgs::msg::Float32MultiArray>[m[K(
[5.504s]       |                        [01;31m[K^~~~~~~~~~~~~~~~~~~~~~~~~~~~~~~~~~~~~~~~~~~~~~~~~~~~~[m[K
[5.505s] [01m[K/home/yjh/px4_ros_com_ros2/src/px4_ros_com/src/examples/offboard/iris0_takeoff.cpp:82:50:[m[K [01;31m[Kerror: [m[Kâ€˜[01m[Kreceive_iris0_position[m[Kâ€™ is not a member of â€˜[01m[KOffboardControl[m[Kâ€™
[5.506s]    82 |    "iris0_pos", qos, std::bind(&OffboardControl::[01;31m[Kreceive_iris0_position[m[K, this, _1));
[5.508s]       |                                                  [01;31m[K^~~~~~~~~~~~~~~~~~~~~~[m[K
[5.508s] [01m[K/home/yjh/px4_ros_com_ros2/src/px4_ros_com/src/examples/offboard/iris0_takeoff.cpp:82:80:[m[K [01;31m[Kerror: [m[Kâ€˜[01m[K_1[m[Kâ€™ was not declared in this scope; did you mean â€˜[01m[Kstd::placeholders::_1[m[Kâ€™?
[5.508s]    82 | s, std::bind(&OffboardControl::receive_iris0_position, this, [01;31m[K_1[m[K));
[5.509s]       |                                                              [01;31m[K^~[m[K
[5.511s]       |                                                              [32m[Kstd::placeholders::_1[m[K
[5.512s] In file included from [01m[K/usr/include/c++/9/pstl/glue_algorithm_defs.h:13[m[K,
[5.512s]                  from [01m[K/usr/include/c++/9/algorithm:71[m[K,
[5.513s]                  from [01m[K/opt/ros/foxy/include/rosidl_runtime_cpp/bounded_vector.hpp:18[m[K,
[5.513s]                  from [01m[K/home/yjh/px4_ros_com_ros2/install/px4_msgs/include/px4_msgs/msg/detail/offboard_control_mode__struct.hpp:8[m[K,
[5.514s]                  from [01m[K/home/yjh/px4_ros_com_ros2/install/px4_msgs/include/px4_msgs/msg/offboard_control_mode.hpp:7[m[K,
[5.514s]                  from [01m[K/home/yjh/px4_ros_com_ros2/src/px4_ros_com/src/examples/offboard/iris0_takeoff.cpp:45[m[K:
[5.519s] [01m[K/usr/include/c++/9/functional:211:34:[m[K [01;36m[Knote: [m[Kâ€˜[01m[Kstd::placeholders::_1[m[Kâ€™ declared here
[5.519s]   211 |     extern const _Placeholder<1> [01;36m[K_1[m[K;
[5.519s]       |                                  [01;36m[K^~[m[K
[5.980s] [01m[K/home/yjh/px4_ros_com_ros2/src/px4_ros_com/src/examples/offboard/iris0_takeoff.cpp:[m[K In member function â€˜[01m[Kvoid OffboardControl::publish_trajectory_setpoint() const[m[Kâ€™:
[5.981s] [01m[K/home/yjh/px4_ros_com_ros2/src/px4_ros_com/src/examples/offboard/iris0_takeoff.cpp:190:33:[m[K [01;31m[Kerror: [m[Kâ€˜[01m[Kpoz_z[m[Kâ€™ was not declared in this scope; did you mean â€˜[01m[Kpos_z[m[Kâ€™?
[5.982s]   190 |   msg.position = {pos_x, pos_y, [01;31m[Kpoz_z[m[K};
[5.983s]       |                                 [01;31m[K^~~~~[m[K
[5.984s]       |                                 [32m[Kpos_z[m[K
[5.985s] [01m[K/home/yjh/px4_ros_com_ros2/src/px4_ros_com/src/examples/offboard/iris0_takeoff.cpp:190:38:[m[K [01;31m[Kerror: [m[Kno match for â€˜[01m[Koperator=[m[Kâ€™ (operand types are â€˜[01m[Kpx4_msgs::msg::TrajectorySetpoint_<std::allocator<void> >::_position_type[m[Kâ€™ {aka â€˜[01m[Kstd::array<float, 3>[m[Kâ€™} and â€˜[01m[K<brace-enclosed initializer list>[m[Kâ€™)
[5.985s]   190 |   msg.position = {pos_x, pos_y, poz_z[01;31m[K}[m[K;
[5.985s]       |                                      [01;31m[K^[m[K
[5.985s] In file included from [01m[K/usr/include/c++/9/tuple:39[m[K,
[5.986s]                  from [01m[K/usr/include/c++/9/functional:54[m[K,
[5.986s]                  from [01m[K/usr/include/c++/9/pstl/glue_algorithm_defs.h:13[m[K,
[5.986s]                  from [01m[K/usr/include/c++/9/algorithm:71[m[K,
[5.986s]                  from [01m[K/opt/ros/foxy/include/rosidl_runtime_cpp/bounded_vector.hpp:18[m[K,
[5.990s]                  from [01m[K/home/yjh/px4_ros_com_ros2/install/px4_msgs/include/px4_msgs/msg/detail/offboard_control_mode__struct.hpp:8[m[K,
[5.991s]                  from [01m[K/home/yjh/px4_ros_com_ros2/install/px4_msgs/include/px4_msgs/msg/offboard_control_mode.hpp:7[m[K,
[5.991s]                  from [01m[K/home/yjh/px4_ros_com_ros2/src/px4_ros_com/src/examples/offboard/iris0_takeoff.cpp:45[m[K:
[5.992s] [01m[K/usr/include/c++/9/array:94:12:[m[K [01;36m[Knote: [m[Kcandidate: â€˜[01m[Kconstexpr std::array<float, 3>& std::array<float, 3>::operator=(const std::array<float, 3>&)[m[Kâ€™
[5.996s]    94 |     struct [01;36m[Karray[m[K
[5.996s]       |            [01;36m[K^~~~~[m[K
[5.996s] [01m[K/usr/include/c++/9/array:94:12:[m[K [01;36m[Knote: [m[K  no known conversion for argument 1 from â€˜[01m[K<brace-enclosed initializer list>[m[Kâ€™ to â€˜[01m[Kconst std::array<float, 3>&[m[Kâ€™
[5.997s] [01m[K/usr/include/c++/9/array:94:12:[m[K [01;36m[Knote: [m[Kcandidate: â€˜[01m[Kconstexpr std::array<float, 3>& std::array<float, 3>::operator=(std::array<float, 3>&&)[m[Kâ€™
[5.997s] [01m[K/usr/include/c++/9/array:94:12:[m[K [01;36m[Knote: [m[K  no known conversion for argument 1 from â€˜[01m[K<brace-enclosed initializer list>[m[Kâ€™ to â€˜[01m[Kstd::array<float, 3>&&[m[Kâ€™
[11.055s] make[2]: *** [CMakeFiles/iris0_takeoff.dir/build.make:63: CMakeFiles/iris0_takeoff.dir/src/examples/offboard/iris0_takeoff.cpp.o] Error 1
[11.055s] make[1]: *** [CMakeFiles/Makefile2:314: CMakeFiles/iris0_takeoff.dir/all] Error 2
[11.056s] make: *** [Makefile:141: all] Error 2
[11.061s] Invoked command in '/home/yjh/px4_ros_com_ros2/build/px4_ros_com' returned '2': AMENT_PREFIX_PATH=/home/yjh/px4_ros_com_ros2/install/px4_msgs:${AMENT_PREFIX_PATH} CMAKE_PREFIX_PATH=/home/yjh/px4_ros_com_ros2/install/px4_msgs:/opt/ros/foxy LD_LIBRARY_PATH=/home/yjh/px4_ros_com_ros2/install/px4_msgs/lib:${LD_LIBRARY_PATH} PYTHONPATH=/home/yjh/px4_ros_com_ros2/install/px4_msgs/lib/python3.8/site-packages:${PYTHONPATH} /usr/bin/cmake --build /home/yjh/px4_ros_com_ros2/build/px4_ros_com -- -j4 -l4
