[  2%] Built target frame_transforms
[  4%] Built target vehicle_gps_position_listener
[  5%] Built target debug_vect_advertiser
[  7%] Built target sensor_combined_listener
[  9%] Built target iris0_takeoff
[ 11%] Built target iris2_takeoff
[ 13%] Built target offboard_control
[35m[1mScanning dependencies of target position_calculator[0m
[ 14%] [32mBuilding CXX object CMakeFiles/position_calculator.dir/src/examples/offboard/position_calculator.cpp.o[0m
[01m[K/home/yjh/px4_ros_com_ros2/src/px4_ros_com/src/examples/offboard/position_calculator.cpp:[m[K In member function â€˜[01m[Kvoid PositionCalculator::get_mission2(std_msgs::msg::String_<std::allocator<void> >::SharedPtr) const[m[Kâ€™:
[01m[K/home/yjh/px4_ros_com_ros2/src/px4_ros_com/src/examples/offboard/position_calculator.cpp:118:55:[m[K [01;31m[Kerror: [m[Kinvalid operands of types â€˜[01m[Kfloat[m[Kâ€™ and â€˜[01m[K<unresolved overloaded function type>[m[Kâ€™ to binary â€˜[01m[Koperator<<[m[Kâ€™
  118 |         std::cout << "received radius : '%f'", [01;31m[Kradius << std::endl[m[K;
      |                                                [01;31m[K~~~~~~~^~~~~~~~~~~~[m[K
make[2]: *** [CMakeFiles/position_calculator.dir/build.make:63: CMakeFiles/position_calculator.dir/src/examples/offboard/position_calculator.cpp.o] Error 1
make[1]: *** [CMakeFiles/Makefile2:395: CMakeFiles/position_calculator.dir/all] Error 2
make: *** [Makefile:141: all] Error 2
