[  2%] Built target frame_transforms
[  4%] Built target mission2
[  6%] Built target iris0_triangle
[  7%] Built target offboard_control
[  9%] Built target vehicle_gps_position_listener
[ 11%] Built target sensor_combined_listener
[ 12%] Built target debug_vect_advertiser
[ 13%] [32mBuilding CXX object CMakeFiles/position_calculator_iris1.dir/src/examples/offboard/position_calculator_iris1.cpp.o[0m
[ 14%] Built target iris2_triangle
[ 16%] Built target iris1_triangle
[35m[1mScanning dependencies of target position_calculator_iris2[0m
[ 97%] Built target micrortps_agent
[ 98%] [32mBuilding CXX object CMakeFiles/position_calculator_iris2.dir/src/examples/offboard/position_calculator_iris2.cpp.o[0m
[01m[K/home/yjh/px4_ros_com_ros2/src/px4_ros_com/src/examples/offboard/position_calculator_iris1.cpp:28:34:[m[K [01;31m[Kerror: [m[Kexpected â€˜[01m[K;[m[Kâ€™ at end of member declaration
   28 |   float local_velocity_iris0[3], [01;31m[Kloat[m[K local_velocity_iris1[3], loat local_velocity_iris2[3];
      |                                  [01;31m[K^~~~[m[K
      |                                      [32m[K;[m[K
[01m[K/home/yjh/px4_ros_com_ros2/src/px4_ros_com/src/examples/offboard/position_calculator_iris1.cpp:28:39:[m[K [01;31m[Kerror: [m[Kâ€˜[01m[Klocal_velocity_iris1[m[Kâ€™ does not name a type
   28 |   float local_velocity_iris0[3], loat [01;31m[Klocal_velocity_iris1[m[K[3], loat local_velocity_iris2[3];
      |                                       [01;31m[K^~~~~~~~~~~~~~~~~~~~[m[K
[01m[K/home/yjh/px4_ros_com_ros2/src/px4_ros_com/src/examples/offboard/position_calculator_iris2.cpp:28:34:[m[K [01;31m[Kerror: [m[Kexpected â€˜[01m[K;[m[Kâ€™ at end of member declaration
   28 |   float local_velocity_iris0[3], [01;31m[Kloat[m[K local_velocity_iris1[3], loat local_velocity_iris2[3];
      |                                  [01;31m[K^~~~[m[K
      |                                      [32m[K;[m[K
[01m[K/home/yjh/px4_ros_com_ros2/src/px4_ros_com/src/examples/offboard/position_calculator_iris2.cpp:28:39:[m[K [01;31m[Kerror: [m[Kâ€˜[01m[Klocal_velocity_iris1[m[Kâ€™ does not name a type
   28 |   float local_velocity_iris0[3], loat [01;31m[Klocal_velocity_iris1[m[K[3], loat local_velocity_iris2[3];
      |                                       [01;31m[K^~~~~~~~~~~~~~~~~~~~[m[K
[01m[K/home/yjh/px4_ros_com_ros2/src/px4_ros_com/src/examples/offboard/position_calculator_iris2.cpp:[m[K In constructor â€˜[01m[KPositionCalculator::PositionCalculator()[m[Kâ€™:
[01m[K/home/yjh/px4_ros_com_ros2/src/px4_ros_com/src/examples/offboard/position_calculator_iris2.cpp:91:48:[m[K [01;31m[Kerror: [m[Kâ€˜[01m[Ks[m[Kâ€™ was not declared in this scope
   91 |   auto qos = rclcpp::QoS(rclcpp::KeepLast(10));[01;31m[Ks[m[K
      |                                                [01;31m[K^[m[K
[01m[K/home/yjh/px4_ros_com_ros2/src/px4_ros_com/src/examples/offboard/position_calculator_iris2.cpp:98:40:[m[K [01;31m[Kerror: [m[Kâ€˜[01m[Ksend_iris2_position_and_velocity[m[Kâ€™ is not a member of â€˜[01m[KPositionCalculator[m[Kâ€™
   98 |    1ms, std::bind(&PositionCalculator::[01;31m[Ksend_iris2_position_and_velocity[m[K, this));
      |                                        [01;31m[K^~~~~~~~~~~~~~~~~~~~~~~~~~~~~~~~[m[K
make[2]: *** [CMakeFiles/position_calculator_iris2.dir/build.make:63: CMakeFiles/position_calculator_iris2.dir/src/examples/offboard/position_calculator_iris2.cpp.o] Error 1
make[1]: *** [CMakeFiles/Makefile2:451: CMakeFiles/position_calculator_iris2.dir/all] Error 2
make[1]: *** Waiting for unfinished jobs....
make[2]: *** [CMakeFiles/position_calculator_iris1.dir/build.make:63: CMakeFiles/position_calculator_iris1.dir/src/examples/offboard/position_calculator_iris1.cpp.o] Error 1
make[1]: *** [CMakeFiles/Makefile2:424: CMakeFiles/position_calculator_iris1.dir/all] Error 2
make: *** [Makefile:141: all] Error 2
