[0.014s] Invoking command in '/home/yjh/px4_ros_com_ros2/build/px4_ros_com': AMENT_PREFIX_PATH=/home/yjh/px4_ros_com_ros2/install/px4_msgs:${AMENT_PREFIX_PATH} CMAKE_PREFIX_PATH=/home/yjh/px4_ros_com_ros2/install/px4_msgs:/opt/ros/foxy LD_LIBRARY_PATH=/home/yjh/px4_ros_com_ros2/install/px4_msgs/lib:${LD_LIBRARY_PATH} PYTHONPATH=/home/yjh/px4_ros_com_ros2/install/px4_msgs/lib/python3.8/site-packages:${PYTHONPATH} /usr/bin/cmake --build /home/yjh/px4_ros_com_ros2/build/px4_ros_com -- -j4 -l4
[0.096s] [  2%] Built target frame_transforms
[0.100s] [  4%] Built target mission2
[0.104s] [  6%] Built target iris0_triangle
[0.108s] [  7%] Built target offboard_control
[0.154s] [  9%] Built target vehicle_gps_position_listener
[0.161s] [ 11%] Built target sensor_combined_listener
[0.162s] [ 12%] Built target debug_vect_advertiser
[0.211s] [ 13%] [32mBuilding CXX object CMakeFiles/position_calculator_iris1.dir/src/examples/offboard/position_calculator_iris1.cpp.o[0m
[0.216s] [ 14%] Built target iris2_triangle
[0.216s] [ 16%] Built target iris1_triangle
[0.235s] [35m[1mScanning dependencies of target position_calculator_iris2[0m
[0.239s] [ 97%] Built target micrortps_agent
[0.282s] [ 98%] [32mBuilding CXX object CMakeFiles/position_calculator_iris2.dir/src/examples/offboard/position_calculator_iris2.cpp.o[0m
[2.201s] [01m[K/home/yjh/px4_ros_com_ros2/src/px4_ros_com/src/examples/offboard/position_calculator_iris1.cpp:28:34:[m[K [01;31m[Kerror: [m[Kexpected â€˜[01m[K;[m[Kâ€™ at end of member declaration
[2.201s]    28 |   float local_velocity_iris0[3], [01;31m[Kloat[m[K local_velocity_iris1[3], loat local_velocity_iris2[3];
[2.201s]       |                                  [01;31m[K^~~~[m[K
[2.201s]       |                                      [32m[K;[m[K
[2.206s] [01m[K/home/yjh/px4_ros_com_ros2/src/px4_ros_com/src/examples/offboard/position_calculator_iris1.cpp:28:39:[m[K [01;31m[Kerror: [m[Kâ€˜[01m[Klocal_velocity_iris1[m[Kâ€™ does not name a type
[2.206s]    28 |   float local_velocity_iris0[3], loat [01;31m[Klocal_velocity_iris1[m[K[3], loat local_velocity_iris2[3];
[2.206s]       |                                       [01;31m[K^~~~~~~~~~~~~~~~~~~~[m[K
[2.233s] [01m[K/home/yjh/px4_ros_com_ros2/src/px4_ros_com/src/examples/offboard/position_calculator_iris2.cpp:28:34:[m[K [01;31m[Kerror: [m[Kexpected â€˜[01m[K;[m[Kâ€™ at end of member declaration
[2.234s]    28 |   float local_velocity_iris0[3], [01;31m[Kloat[m[K local_velocity_iris1[3], loat local_velocity_iris2[3];
[2.234s]       |                                  [01;31m[K^~~~[m[K
[2.234s]       |                                      [32m[K;[m[K
[2.238s] [01m[K/home/yjh/px4_ros_com_ros2/src/px4_ros_com/src/examples/offboard/position_calculator_iris2.cpp:28:39:[m[K [01;31m[Kerror: [m[Kâ€˜[01m[Klocal_velocity_iris1[m[Kâ€™ does not name a type
[2.238s]    28 |   float local_velocity_iris0[3], loat [01;31m[Klocal_velocity_iris1[m[K[3], loat local_velocity_iris2[3];
[2.239s]       |                                       [01;31m[K^~~~~~~~~~~~~~~~~~~~[m[K
[2.285s] [01m[K/home/yjh/px4_ros_com_ros2/src/px4_ros_com/src/examples/offboard/position_calculator_iris2.cpp:[m[K In constructor â€˜[01m[KPositionCalculator::PositionCalculator()[m[Kâ€™:
[2.285s] [01m[K/home/yjh/px4_ros_com_ros2/src/px4_ros_com/src/examples/offboard/position_calculator_iris2.cpp:91:48:[m[K [01;31m[Kerror: [m[Kâ€˜[01m[Ks[m[Kâ€™ was not declared in this scope
[2.286s]    91 |   auto qos = rclcpp::QoS(rclcpp::KeepLast(10));[01;31m[Ks[m[K
[2.286s]       |                                                [01;31m[K^[m[K
[2.294s] [01m[K/home/yjh/px4_ros_com_ros2/src/px4_ros_com/src/examples/offboard/position_calculator_iris2.cpp:98:40:[m[K [01;31m[Kerror: [m[Kâ€˜[01m[Ksend_iris2_position_and_velocity[m[Kâ€™ is not a member of â€˜[01m[KPositionCalculator[m[Kâ€™
[2.294s]    98 |    1ms, std::bind(&PositionCalculator::[01;31m[Ksend_iris2_position_and_velocity[m[K, this));
[2.294s]       |                                        [01;31m[K^~~~~~~~~~~~~~~~~~~~~~~~~~~~~~~~[m[K
[4.719s] make[2]: *** [CMakeFiles/position_calculator_iris2.dir/build.make:63: CMakeFiles/position_calculator_iris2.dir/src/examples/offboard/position_calculator_iris2.cpp.o] Error 1
[4.720s] make[1]: *** [CMakeFiles/Makefile2:451: CMakeFiles/position_calculator_iris2.dir/all] Error 2
[4.720s] make[1]: *** Waiting for unfinished jobs....
[4.816s] make[2]: *** [CMakeFiles/position_calculator_iris1.dir/build.make:63: CMakeFiles/position_calculator_iris1.dir/src/examples/offboard/position_calculator_iris1.cpp.o] Error 1
[4.817s] make[1]: *** [CMakeFiles/Makefile2:424: CMakeFiles/position_calculator_iris1.dir/all] Error 2
[4.817s] make: *** [Makefile:141: all] Error 2
[4.819s] Invoked command in '/home/yjh/px4_ros_com_ros2/build/px4_ros_com' returned '2': AMENT_PREFIX_PATH=/home/yjh/px4_ros_com_ros2/install/px4_msgs:${AMENT_PREFIX_PATH} CMAKE_PREFIX_PATH=/home/yjh/px4_ros_com_ros2/install/px4_msgs:/opt/ros/foxy LD_LIBRARY_PATH=/home/yjh/px4_ros_com_ros2/install/px4_msgs/lib:${LD_LIBRARY_PATH} PYTHONPATH=/home/yjh/px4_ros_com_ros2/install/px4_msgs/lib/python3.8/site-packages:${PYTHONPATH} /usr/bin/cmake --build /home/yjh/px4_ros_com_ros2/build/px4_ros_com -- -j4 -l4
