[0.025s] Invoking command in '/home/yjh/px4_ros_com_ros2/build/px4_ros_com': AMENT_PREFIX_PATH=/home/yjh/px4_ros_com_ros2/install/px4_msgs:${AMENT_PREFIX_PATH} CMAKE_PREFIX_PATH=/home/yjh/px4_ros_com_ros2/install/px4_msgs:/opt/ros/foxy LD_LIBRARY_PATH=/home/yjh/px4_ros_com_ros2/install/px4_msgs/lib:${LD_LIBRARY_PATH} PYTHONPATH=/home/yjh/px4_ros_com_ros2/install/px4_msgs/lib/python3.8/site-packages:${PYTHONPATH} /usr/bin/cmake --build /home/yjh/px4_ros_com_ros2/build/px4_ros_com -- -j4 -l4
[0.175s] [  2%] Built target frame_transforms
[0.251s] [  4%] Built target vehicle_gps_position_listener
[0.361s] [  5%] Built target debug_vect_advertiser
[0.457s] [  7%] Built target sensor_combined_listener
[0.559s] [  9%] Built target iris0_takeoff
[0.675s] [ 11%] Built target iris2_takeoff
[0.789s] [ 13%] Built target offboard_control
[0.834s] [35m[1mScanning dependencies of target position_calculator[0m
[0.941s] [ 14%] [32mBuilding CXX object CMakeFiles/position_calculator.dir/src/examples/offboard/position_calculator.cpp.o[0m
[7.394s] [01m[K/home/yjh/px4_ros_com_ros2/src/px4_ros_com/src/examples/offboard/position_calculator.cpp:115:8:[m[K [01;31m[Kerror: [m[Kexpected â€˜[01m[K;[m[Kâ€™ after class definition
[7.395s]   115 |       }
[7.395s]       |        [01;31m[K^[m[K
[7.395s]       |        [32m[K;[m[K
[7.432s] [01m[K/home/yjh/px4_ros_com_ros2/src/px4_ros_com/src/examples/offboard/position_calculator.cpp:[m[K In constructor â€˜[01m[KPositionCalculator::PositionCalculator()[m[Kâ€™:
[7.433s] [01m[K/home/yjh/px4_ros_com_ros2/src/px4_ros_com/src/examples/offboard/position_calculator.cpp:97:40:[m[K [01;31m[Kerror: [m[Kâ€˜[01m[Ksend_iris1_position[m[Kâ€™ is not a member of â€˜[01m[KPositionCalculator[m[Kâ€™
[7.434s]    97 |    5ms, std::bind(&PositionCalculator::[01;31m[Ksend_iris1_position[m[K, this));
[7.434s]       |                                        [01;31m[K^~~~~~~~~~~~~~~~~~~[m[K
[7.435s] [01m[K/home/yjh/px4_ros_com_ros2/src/px4_ros_com/src/examples/offboard/position_calculator.cpp:99:40:[m[K [01;31m[Kerror: [m[Kâ€˜[01m[Ksend_iris2_position[m[Kâ€™ is not a member of â€˜[01m[KPositionCalculator[m[Kâ€™
[7.435s]    99 |    5ms, std::bind(&PositionCalculator::[01;31m[Ksend_iris2_position[m[K, this));
[7.436s]       |                                        [01;31m[K^~~~~~~~~~~~~~~~~~~[m[K
[7.451s] [01m[K/home/yjh/px4_ros_com_ros2/src/px4_ros_com/src/examples/offboard/position_calculator.cpp:[m[K In function â€˜[01m[Kvoid send_iris1_position()[m[Kâ€™:
[7.451s] [01m[K/home/yjh/px4_ros_com_ros2/src/px4_ros_com/src/examples/offboard/position_calculator.cpp:120:25:[m[K [01;31m[Kerror: [m[Kâ€˜[01m[Klocal_position_iris0[m[Kâ€™ was not declared in this scope
[7.451s]   120 |      msg.data.push_back([01;31m[Klocal_position_iris0[m[K[0]);
[7.452s]       |                         [01;31m[K^~~~~~~~~~~~~~~~~~~~[m[K
[7.458s] [01m[K/home/yjh/px4_ros_com_ros2/src/px4_ros_com/src/examples/offboard/position_calculator.cpp:126:26:[m[K [01;31m[Kerror: [m[Kâ€˜[01m[Klocal_position_iris0[m[Kâ€™ was not declared in this scope
[7.459s]   126 |       msg.data.push_back([01;31m[Klocal_position_iris0[m[K[0] + (r2-r1) * sin(30 * PI / 180));
[7.462s]       |                          [01;31m[K^~~~~~~~~~~~~~~~~~~~[m[K
[7.466s] [01m[K/home/yjh/px4_ros_com_ros2/src/px4_ros_com/src/examples/offboard/position_calculator.cpp:131:26:[m[K [01;31m[Kerror: [m[Kâ€˜[01m[Klocal_position_iris0[m[Kâ€™ was not declared in this scope
[7.466s]   131 |       msg.data.push_back([01;31m[Klocal_position_iris0[m[K[0] - (r1-r2) * sin(30 * PI / 180));
[7.466s]       |                          [01;31m[K^~~~~~~~~~~~~~~~~~~~[m[K
[7.471s] [01m[K/home/yjh/px4_ros_com_ros2/src/px4_ros_com/src/examples/offboard/position_calculator.cpp:136:5:[m[K [01;31m[Kerror: [m[Kâ€˜[01m[Kpublisher_iris1_[m[Kâ€™ was not declared in this scope
[7.472s]   136 |     [01;31m[Kpublisher_iris1_[m[K->publish(msg);
[7.473s]       |     [01;31m[K^~~~~~~~~~~~~~~~[m[K
[7.478s] [01m[K/home/yjh/px4_ros_com_ros2/src/px4_ros_com/src/examples/offboard/position_calculator.cpp:[m[K In function â€˜[01m[Kvoid send_iris2_position()[m[Kâ€™:
[7.478s] [01m[K/home/yjh/px4_ros_com_ros2/src/px4_ros_com/src/examples/offboard/position_calculator.cpp:142:25:[m[K [01;31m[Kerror: [m[Kâ€˜[01m[Klocal_position_iris0[m[Kâ€™ was not declared in this scope
[7.479s]   142 |      msg.data.push_back([01;31m[Klocal_position_iris0[m[K[0]-1.5*sqrt(3));
[7.479s]       |                         [01;31m[K^~~~~~~~~~~~~~~~~~~~[m[K
[7.484s] [01m[K/home/yjh/px4_ros_com_ros2/src/px4_ros_com/src/examples/offboard/position_calculator.cpp:148:26:[m[K [01;31m[Kerror: [m[Kâ€˜[01m[Klocal_position_iris0[m[Kâ€™ was not declared in this scope
[7.484s]   148 |       msg.data.push_back([01;31m[Klocal_position_iris0[m[K[0]-1.5*sqrt(3) - (r2-r1));
[7.485s]       |                          [01;31m[K^~~~~~~~~~~~~~~~~~~~[m[K
[7.490s] [01m[K/home/yjh/px4_ros_com_ros2/src/px4_ros_com/src/examples/offboard/position_calculator.cpp:153:26:[m[K [01;31m[Kerror: [m[Kâ€˜[01m[Klocal_position_iris0[m[Kâ€™ was not declared in this scope
[7.491s]   153 |       msg.data.push_back([01;31m[Klocal_position_iris0[m[K[0]-1.5*sqrt(3) + (r1-r2));
[7.491s]       |                          [01;31m[K^~~~~~~~~~~~~~~~~~~~[m[K
[7.496s] [01m[K/home/yjh/px4_ros_com_ros2/src/px4_ros_com/src/examples/offboard/position_calculator.cpp:158:5:[m[K [01;31m[Kerror: [m[Kâ€˜[01m[Kpublisher_iris2_[m[Kâ€™ was not declared in this scope
[7.496s]   158 |     [01;31m[Kpublisher_iris2_[m[K->publish(msg);
[7.497s]       |     [01;31m[K^~~~~~~~~~~~~~~~[m[K
[7.497s] [01m[K/home/yjh/px4_ros_com_ros2/src/px4_ros_com/src/examples/offboard/position_calculator.cpp:[m[K At global scope:
[7.498s] [01m[K/home/yjh/px4_ros_com_ros2/src/px4_ros_com/src/examples/offboard/position_calculator.cpp:160:1:[m[K [01;31m[Kerror: [m[Kexpected declaration before â€˜[01m[K}[m[Kâ€™ token
[7.498s]   160 | [01;31m[K}[m[K;
[7.499s]       | [01;31m[K^[m[K
[14.801s] make[2]: *** [CMakeFiles/position_calculator.dir/build.make:63: CMakeFiles/position_calculator.dir/src/examples/offboard/position_calculator.cpp.o] Error 1
[14.803s] make[1]: *** [CMakeFiles/Makefile2:395: CMakeFiles/position_calculator.dir/all] Error 2
[14.804s] make: *** [Makefile:141: all] Error 2
[14.814s] Invoked command in '/home/yjh/px4_ros_com_ros2/build/px4_ros_com' returned '2': AMENT_PREFIX_PATH=/home/yjh/px4_ros_com_ros2/install/px4_msgs:${AMENT_PREFIX_PATH} CMAKE_PREFIX_PATH=/home/yjh/px4_ros_com_ros2/install/px4_msgs:/opt/ros/foxy LD_LIBRARY_PATH=/home/yjh/px4_ros_com_ros2/install/px4_msgs/lib:${LD_LIBRARY_PATH} PYTHONPATH=/home/yjh/px4_ros_com_ros2/install/px4_msgs/lib/python3.8/site-packages:${PYTHONPATH} /usr/bin/cmake --build /home/yjh/px4_ros_com_ros2/build/px4_ros_com -- -j4 -l4
