[0.036s] Invoking command in '/home/yjh/px4_ros_com_ros2/build/px4_ros_com': AMENT_PREFIX_PATH=/home/yjh/px4_ros_com_ros2/install/px4_msgs:${AMENT_PREFIX_PATH} CMAKE_PREFIX_PATH=/home/yjh/px4_ros_com_ros2/install/px4_msgs:/opt/ros/foxy LD_LIBRARY_PATH=/home/yjh/px4_ros_com_ros2/install/px4_msgs/lib:${LD_LIBRARY_PATH} PYTHONPATH=/home/yjh/px4_ros_com_ros2/install/px4_msgs/lib/python3.8/site-packages:${PYTHONPATH} /usr/bin/cmake --build /home/yjh/px4_ros_com_ros2/build/px4_ros_com -- -j4 -l4
[0.329s] [  2%] Built target frame_transforms
[0.462s] [  4%] Built target vehicle_gps_position_listener
[0.615s] [  5%] Built target debug_vect_advertiser
[0.746s] [  7%] Built target sensor_combined_listener
[0.878s] [  9%] Built target iris0_takeoff
[1.023s] [ 11%] Built target iris2_takeoff
[1.186s] [ 13%] Built target offboard_control
[1.311s] [ 15%] Built target position_calculator
[1.371s] [35m[1mScanning dependencies of target mission2[0m
[1.490s] [ 16%] [32mBuilding CXX object CMakeFiles/mission2.dir/src/examples/offboard/mission2.cpp.o[0m
[8.498s] [01m[K/home/yjh/px4_ros_com_ros2/src/px4_ros_com/src/examples/offboard/mission2.cpp:[m[K In constructor â€˜[01m[KMission2::Mission2()[m[Kâ€™:
[8.499s] [01m[K/home/yjh/px4_ros_com_ros2/src/px4_ros_com/src/examples/offboard/mission2.cpp:23:5:[m[K [01;31m[Kerror: [m[Kunable to find numeric literal operator â€˜[01m[Koperator""ms[m[Kâ€™
[8.499s]    23 |     [01;31m[K5ms[m[K, std::bind(&Mission2::send_mission2, this));
[8.499s]       |     [01;31m[K^~~[m[K
[8.523s] [01m[K/home/yjh/px4_ros_com_ros2/src/px4_ros_com/src/examples/offboard/mission2.cpp:[m[K In member function â€˜[01m[Kvoid Mission2::send_mission2()[m[Kâ€™:
[8.524s] [01m[K/home/yjh/px4_ros_com_ros2/src/px4_ros_com/src/examples/offboard/mission2.cpp:35:7:[m[K [01;31m[Kerror: [m[Kbase operand of â€˜[01m[K->[m[Kâ€™ has non-pointer type â€˜[01m[Kstd_msgs::msg::String_<std::allocator<void> >[m[Kâ€™
[8.527s]    35 |    msg[01;31m[K->[m[Kdata = str;
[8.528s]       |       [01;31m[K^~[m[K
[11.465s] make[2]: *** [CMakeFiles/mission2.dir/build.make:63: CMakeFiles/mission2.dir/src/examples/offboard/mission2.cpp.o] Error 1
[11.466s] make[1]: *** [CMakeFiles/Makefile2:422: CMakeFiles/mission2.dir/all] Error 2
[11.466s] make: *** [Makefile:141: all] Error 2
[11.475s] Invoked command in '/home/yjh/px4_ros_com_ros2/build/px4_ros_com' returned '2': AMENT_PREFIX_PATH=/home/yjh/px4_ros_com_ros2/install/px4_msgs:${AMENT_PREFIX_PATH} CMAKE_PREFIX_PATH=/home/yjh/px4_ros_com_ros2/install/px4_msgs:/opt/ros/foxy LD_LIBRARY_PATH=/home/yjh/px4_ros_com_ros2/install/px4_msgs/lib:${LD_LIBRARY_PATH} PYTHONPATH=/home/yjh/px4_ros_com_ros2/install/px4_msgs/lib/python3.8/site-packages:${PYTHONPATH} /usr/bin/cmake --build /home/yjh/px4_ros_com_ros2/build/px4_ros_com -- -j4 -l4
