[0.033s] Invoking command in '/home/yjh/px4_ros_com_ros2/build/px4_ros_com': AMENT_PREFIX_PATH=/home/yjh/px4_ros_com_ros2/install/px4_msgs:${AMENT_PREFIX_PATH} CMAKE_PREFIX_PATH=/home/yjh/px4_ros_com_ros2/install/px4_msgs:/opt/ros/foxy LD_LIBRARY_PATH=/home/yjh/px4_ros_com_ros2/install/px4_msgs/lib:${LD_LIBRARY_PATH} PYTHONPATH=/home/yjh/px4_ros_com_ros2/install/px4_msgs/lib/python3.8/site-packages:${PYTHONPATH} /usr/bin/cmake --build /home/yjh/px4_ros_com_ros2/build/px4_ros_com -- -j4 -l4
[0.319s] [  2%] Built target frame_transforms
[0.470s] [  4%] Built target vehicle_gps_position_listener
[0.582s] [  5%] Built target debug_vect_advertiser
[0.671s] [  7%] Built target sensor_combined_listener
[0.756s] [  9%] Built target iris0_takeoff
[0.904s] [ 11%] Built target iris2_takeoff
[1.040s] [ 13%] Built target offboard_control
[1.095s] [35m[1mScanning dependencies of target position_calculator[0m
[1.202s] [ 14%] [32mBuilding CXX object CMakeFiles/position_calculator.dir/src/examples/offboard/position_calculator.cpp.o[0m
[8.527s] [01m[K/home/yjh/px4_ros_com_ros2/src/px4_ros_com/src/examples/offboard/position_calculator.cpp:108:43:[m[K [01;31m[Kerror: [m[Kâ€˜[01m[KString[m[Kâ€™ is not a member of â€˜[01m[Kpx4_msgs::msg[m[Kâ€™; did you mean â€˜[01m[Kstd_msgs::msg::String[m[Kâ€™?
[8.527s]   108 |       rclcpp::Subscription<px4_msgs::msg::[01;31m[KString[m[K>::SharedPtr mission2_subscriber_;
[8.529s]       |                                           [01;31m[K^~~~~~[m[K
[8.530s] In file included from [01m[K/opt/ros/foxy/include/std_msgs/msg/string.hpp:7[m[K,
[8.530s]                  from [01m[K/home/yjh/px4_ros_com_ros2/src/px4_ros_com/src/examples/offboard/position_calculator.cpp:17[m[K:
[8.531s] [01m[K/opt/ros/foxy/include/std_msgs/msg/detail/string__struct.hpp:121:7:[m[K [01;36m[Knote: [m[Kâ€˜[01m[Kstd_msgs::msg::String[m[Kâ€™ declared here
[8.533s]   121 | using [01;36m[KString[m[K =
[8.536s]       |       [01;36m[K^~~~~~[m[K
[8.546s] [01m[K/home/yjh/px4_ros_com_ros2/src/px4_ros_com/src/examples/offboard/position_calculator.cpp:108:49:[m[K [01;31m[Kerror: [m[Ktemplate argument 1 is invalid
[8.548s]   108 |       rclcpp::Subscription<px4_msgs::msg::String[01;31m[K>[m[K::SharedPtr mission2_subscriber_;
[8.551s]       |                                                 [01;31m[K^[m[K
[8.556s] [01m[K/home/yjh/px4_ros_com_ros2/src/px4_ros_com/src/examples/offboard/position_calculator.cpp:108:49:[m[K [01;31m[Kerror: [m[Ktemplate argument 3 is invalid
[8.556s] [01m[K/home/yjh/px4_ros_com_ros2/src/px4_ros_com/src/examples/offboard/position_calculator.cpp:108:52:[m[K [01;31m[Kerror: [m[Kexpected â€˜[01m[K;[m[Kâ€™ at end of member declaration
[8.557s]   108 |       rclcpp::Subscription<px4_msgs::msg::String>::[01;31m[KSharedPtr[m[K mission2_subscriber_;
[8.557s]       |                                                    [01;31m[K^~~~~~~~~[m[K
[8.557s]       |                                                             [32m[K;[m[K
[8.557s] [01m[K/home/yjh/px4_ros_com_ros2/src/px4_ros_com/src/examples/offboard/position_calculator.cpp:108:62:[m[K [01;31m[Kerror: [m[Kâ€˜[01m[Kmission2_subscriber_[m[Kâ€™ does not name a type
[8.558s]   108 |       rclcpp::Subscription<px4_msgs::msg::String>::SharedPtr [01;31m[Kmission2_subscriber_[m[K;
[8.558s]       |                                                              [01;31m[K^~~~~~~~~~~~~~~~~~~~[m[K
[8.600s] [01m[K/home/yjh/px4_ros_com_ros2/src/px4_ros_com/src/examples/offboard/position_calculator.cpp:[m[K In constructor â€˜[01m[KPositionCalculator::PositionCalculator()[m[Kâ€™:
[8.600s] [01m[K/home/yjh/px4_ros_com_ros2/src/px4_ros_com/src/examples/offboard/position_calculator.cpp:93:3:[m[K [01;31m[Kerror: [m[Kâ€˜[01m[Kmission2_subscriber_[m[Kâ€™ was not declared in this scope
[8.601s]    93 |   [01;31m[Kmission2_subscriber_[m[K = this->create_subscription<std_msgs::msg::String>(
[8.603s]       |   [01;31m[K^~~~~~~~~~~~~~~~~~~~[m[K
[17.269s] make[2]: *** [CMakeFiles/position_calculator.dir/build.make:63: CMakeFiles/position_calculator.dir/src/examples/offboard/position_calculator.cpp.o] Error 1
[17.270s] make[1]: *** [CMakeFiles/Makefile2:395: CMakeFiles/position_calculator.dir/all] Error 2
[17.270s] make: *** [Makefile:141: all] Error 2
[17.281s] Invoked command in '/home/yjh/px4_ros_com_ros2/build/px4_ros_com' returned '2': AMENT_PREFIX_PATH=/home/yjh/px4_ros_com_ros2/install/px4_msgs:${AMENT_PREFIX_PATH} CMAKE_PREFIX_PATH=/home/yjh/px4_ros_com_ros2/install/px4_msgs:/opt/ros/foxy LD_LIBRARY_PATH=/home/yjh/px4_ros_com_ros2/install/px4_msgs/lib:${LD_LIBRARY_PATH} PYTHONPATH=/home/yjh/px4_ros_com_ros2/install/px4_msgs/lib/python3.8/site-packages:${PYTHONPATH} /usr/bin/cmake --build /home/yjh/px4_ros_com_ros2/build/px4_ros_com -- -j4 -l4
