[0.027s] Invoking command in '/home/yjh/px4_ros_com_ros2/build/px4_ros_com': AMENT_PREFIX_PATH=/home/yjh/px4_ros_com_ros2/install/px4_msgs:${AMENT_PREFIX_PATH} CMAKE_PREFIX_PATH=/home/yjh/px4_ros_com_ros2/install/px4_msgs:/opt/ros/foxy LD_LIBRARY_PATH=/home/yjh/px4_ros_com_ros2/install/px4_msgs/lib:${LD_LIBRARY_PATH} PYTHONPATH=/home/yjh/px4_ros_com_ros2/install/px4_msgs/lib/python3.8/site-packages:${PYTHONPATH} /usr/bin/cmake --build /home/yjh/px4_ros_com_ros2/build/px4_ros_com -- -j4 -l4
[0.205s] [  2%] Built target frame_transforms
[0.281s] [  4%] Built target vehicle_gps_position_listener
[0.373s] [  5%] Built target debug_vect_advertiser
[0.456s] [  7%] Built target sensor_combined_listener
[0.482s] [35m[1mScanning dependencies of target iris0_takeoff[0m
[0.530s] [  8%] [32mBuilding CXX object CMakeFiles/iris0_takeoff.dir/src/examples/offboard/iris0_takeoff.cpp.o[0m
[4.767s] [01m[K/home/yjh/px4_ros_com_ros2/src/px4_ros_com/src/examples/offboard/iris0_takeoff.cpp:137:36:[m[K [01;31m[Kerror: [m[Kâ€˜[01m[Kstd_msgs[m[Kâ€™ does not name a type
[4.767s]   137 |  void receive_iris1_position(const [01;31m[Kstd_msgs[m[K::msg::Float32MultiArray::SharedPtr msg) const{
[4.768s]       |                                    [01;31m[K^~~~~~~~[m[K
[4.769s] [01m[K/home/yjh/px4_ros_com_ros2/src/px4_ros_com/src/examples/offboard/iris0_takeoff.cpp:137:49:[m[K [01;31m[Kerror: [m[Kexpected unqualified-id before â€˜[01m[K::[m[Kâ€™ token
[4.769s]   137 |  void receive_iris1_position(const std_msgs::msg[01;31m[K::[m[KFloat32MultiArray::SharedPtr msg) const{
[4.770s]       |                                                 [01;31m[K^~[m[K
[4.772s] [01m[K/home/yjh/px4_ros_com_ros2/src/px4_ros_com/src/examples/offboard/iris0_takeoff.cpp:137:49:[m[K [01;31m[Kerror: [m[Kexpected â€˜[01m[K)[m[Kâ€™ before â€˜[01m[K::[m[Kâ€™ token
[4.772s]   137 |  void receive_iris1_position[34m[K([m[Kconst std_msgs::msg[01;31m[K:[m[K[32m[K:[m[KFloat32MultiArray::SharedPtr msg) const{
[4.772s]       |                             [34m[K~[m[K                   [01;31m[K^[m[K[32m[K~[m[K
[4.773s]       |                                                 [32m[K)[m[K
[4.773s] [01m[K/home/yjh/px4_ros_com_ros2/src/px4_ros_com/src/examples/offboard/iris0_takeoff.cpp:137:46:[m[K [01;31m[Kerror: [m[Kexpected â€˜[01m[K;[m[Kâ€™ at end of member declaration
[4.773s]   137 |  void receive_iris1_position(const std_msgs::[01;31m[Kmsg[m[K::Float32MultiArray::SharedPtr msg) const{
[4.773s]       |                                              [01;31m[K^~~[m[K
[4.773s]       |                                                 [32m[K;[m[K
[4.774s] [01m[K/home/yjh/px4_ros_com_ros2/src/px4_ros_com/src/examples/offboard/iris0_takeoff.cpp:137:51:[m[K [01;31m[Kerror: [m[Kâ€˜[01m[KFloat32MultiArray[m[Kâ€™ in namespace â€˜[01m[K::[m[Kâ€™ does not name a type
[4.775s]   137 |  void receive_iris1_position(const std_msgs::msg::[01;31m[KFloat32MultiArray[m[K::SharedPtr msg) const{
[4.775s]       |                                                   [01;31m[K^~~~~~~~~~~~~~~~~[m[K
[4.780s] [01m[K/home/yjh/px4_ros_com_ros2/src/px4_ros_com/src/examples/offboard/iris0_takeoff.cpp:[m[K In constructor â€˜[01m[KOffboardControl::OffboardControl()[m[Kâ€™:
[4.783s] [01m[K/home/yjh/px4_ros_com_ros2/src/px4_ros_com/src/examples/offboard/iris0_takeoff.cpp:82:3:[m[K [01;31m[Kerror: [m[Kâ€˜[01m[Ksubscriber0_[m[Kâ€™ was not declared in this scope
[4.785s]    82 |   [01;31m[Ksubscriber0_[m[K = this->create_subscription<std_msgs::msg::Float32MultiArray>(
[4.785s]       |   [01;31m[K^~~~~~~~~~~~[m[K
[4.786s] [01m[K/home/yjh/px4_ros_com_ros2/src/px4_ros_com/src/examples/offboard/iris0_takeoff.cpp:82:44:[m[K [01;31m[Kerror: [m[Kâ€˜[01m[Kstd_msgs[m[Kâ€™ was not declared in this scope
[4.787s]    82 |   subscriber0_ = this->create_subscription<[01;31m[Kstd_msgs[m[K::msg::Float32MultiArray>(
[4.787s]       |                                            [01;31m[K^~~~~~~~[m[K
[4.788s] [01m[K/home/yjh/px4_ros_com_ros2/src/px4_ros_com/src/examples/offboard/iris0_takeoff.cpp:82:24:[m[K [01;31m[Kerror: [m[Kparse error in template argument list
[4.788s]    82 |   subscriber0_ = this->[01;31m[Kcreate_subscription<std_msgs::msg::Float32MultiArray>[m[K(
[4.793s]       |                        [01;31m[K^~~~~~~~~~~~~~~~~~~~~~~~~~~~~~~~~~~~~~~~~~~~~~~~~~~~~[m[K
[4.797s] [01m[K/home/yjh/px4_ros_com_ros2/src/px4_ros_com/src/examples/offboard/iris0_takeoff.cpp:83:50:[m[K [01;31m[Kerror: [m[Kâ€˜[01m[Kreceive_iris0_position[m[Kâ€™ is not a member of â€˜[01m[KOffboardControl[m[Kâ€™
[4.797s]    83 |    "iris0_pos", qos, std::bind(&OffboardControl::[01;31m[Kreceive_iris0_position[m[K, this, _1));
[4.797s]       |                                                  [01;31m[K^~~~~~~~~~~~~~~~~~~~~~[m[K
[5.277s] [01m[K/home/yjh/px4_ros_com_ros2/src/px4_ros_com/src/examples/offboard/iris0_takeoff.cpp:[m[K In member function â€˜[01m[Kvoid OffboardControl::publish_trajectory_setpoint() const[m[Kâ€™:
[5.279s] [01m[K/home/yjh/px4_ros_com_ros2/src/px4_ros_com/src/examples/offboard/iris0_takeoff.cpp:191:33:[m[K [01;31m[Kerror: [m[Kâ€˜[01m[Kpoz_z[m[Kâ€™ was not declared in this scope; did you mean â€˜[01m[Kpos_z[m[Kâ€™?
[5.280s]   191 |   msg.position = {pos_x, pos_y, [01;31m[Kpoz_z[m[K};
[5.281s]       |                                 [01;31m[K^~~~~[m[K
[5.281s]       |                                 [32m[Kpos_z[m[K
[5.281s] [01m[K/home/yjh/px4_ros_com_ros2/src/px4_ros_com/src/examples/offboard/iris0_takeoff.cpp:191:38:[m[K [01;31m[Kerror: [m[Kno match for â€˜[01m[Koperator=[m[Kâ€™ (operand types are â€˜[01m[Kpx4_msgs::msg::TrajectorySetpoint_<std::allocator<void> >::_position_type[m[Kâ€™ {aka â€˜[01m[Kstd::array<float, 3>[m[Kâ€™} and â€˜[01m[K<brace-enclosed initializer list>[m[Kâ€™)
[5.281s]   191 |   msg.position = {pos_x, pos_y, poz_z[01;31m[K}[m[K;
[5.282s]       |                                      [01;31m[K^[m[K
[5.282s] In file included from [01m[K/usr/include/c++/9/tuple:39[m[K,
[5.282s]                  from [01m[K/usr/include/c++/9/functional:54[m[K,
[5.282s]                  from [01m[K/usr/include/c++/9/pstl/glue_algorithm_defs.h:13[m[K,
[5.282s]                  from [01m[K/usr/include/c++/9/algorithm:71[m[K,
[5.282s]                  from [01m[K/opt/ros/foxy/include/rosidl_runtime_cpp/bounded_vector.hpp:18[m[K,
[5.283s]                  from [01m[K/home/yjh/px4_ros_com_ros2/install/px4_msgs/include/px4_msgs/msg/detail/offboard_control_mode__struct.hpp:8[m[K,
[5.283s]                  from [01m[K/home/yjh/px4_ros_com_ros2/install/px4_msgs/include/px4_msgs/msg/offboard_control_mode.hpp:7[m[K,
[5.284s]                  from [01m[K/home/yjh/px4_ros_com_ros2/src/px4_ros_com/src/examples/offboard/iris0_takeoff.cpp:45[m[K:
[5.285s] [01m[K/usr/include/c++/9/array:94:12:[m[K [01;36m[Knote: [m[Kcandidate: â€˜[01m[Kconstexpr std::array<float, 3>& std::array<float, 3>::operator=(const std::array<float, 3>&)[m[Kâ€™
[5.285s]    94 |     struct [01;36m[Karray[m[K
[5.285s]       |            [01;36m[K^~~~~[m[K
[5.285s] [01m[K/usr/include/c++/9/array:94:12:[m[K [01;36m[Knote: [m[K  no known conversion for argument 1 from â€˜[01m[K<brace-enclosed initializer list>[m[Kâ€™ to â€˜[01m[Kconst std::array<float, 3>&[m[Kâ€™
[5.285s] [01m[K/usr/include/c++/9/array:94:12:[m[K [01;36m[Knote: [m[Kcandidate: â€˜[01m[Kconstexpr std::array<float, 3>& std::array<float, 3>::operator=(std::array<float, 3>&&)[m[Kâ€™
[5.285s] [01m[K/usr/include/c++/9/array:94:12:[m[K [01;36m[Knote: [m[K  no known conversion for argument 1 from â€˜[01m[K<brace-enclosed initializer list>[m[Kâ€™ to â€˜[01m[Kstd::array<float, 3>&&[m[Kâ€™
[9.627s] make[2]: *** [CMakeFiles/iris0_takeoff.dir/build.make:63: CMakeFiles/iris0_takeoff.dir/src/examples/offboard/iris0_takeoff.cpp.o] Error 1
[9.629s] make[1]: *** [CMakeFiles/Makefile2:314: CMakeFiles/iris0_takeoff.dir/all] Error 2
[9.630s] make: *** [Makefile:141: all] Error 2
[9.633s] Invoked command in '/home/yjh/px4_ros_com_ros2/build/px4_ros_com' returned '2': AMENT_PREFIX_PATH=/home/yjh/px4_ros_com_ros2/install/px4_msgs:${AMENT_PREFIX_PATH} CMAKE_PREFIX_PATH=/home/yjh/px4_ros_com_ros2/install/px4_msgs:/opt/ros/foxy LD_LIBRARY_PATH=/home/yjh/px4_ros_com_ros2/install/px4_msgs/lib:${LD_LIBRARY_PATH} PYTHONPATH=/home/yjh/px4_ros_com_ros2/install/px4_msgs/lib/python3.8/site-packages:${PYTHONPATH} /usr/bin/cmake --build /home/yjh/px4_ros_com_ros2/build/px4_ros_com -- -j4 -l4
